<?xml version="1.0" encoding="UTF-8"?>
<testng-results skipped="0" failed="0" ignored="0" total="12" passed="12">
  <reporter-output>
  </reporter-output>
  <suite name="All Test Suite" duration-ms="231948" started-at="2021-02-03T15:54:48Z" finished-at="2021-02-03T15:58:40Z">
    <groups>
    </groups>
    <test name="assignment" duration-ms="231948" started-at="2021-02-03T15:54:48Z" finished-at="2021-02-03T15:58:40Z">
      <class name="com.assignment.app.ApiTest">
        <test-method status="PASS" signature="setBaseURI()[pri:0, instance:com.assignment.app.ApiTest@1f1c7bf6]" name="setBaseURI" is-config="true" duration-ms="279" started-at="2021-02-03T15:54:48Z" finished-at="2021-02-03T15:54:49Z">
          <reporter-output>
          </reporter-output>
        </test-method> <!-- setBaseURI -->
        <test-method status="PASS" signature="eulaVerification(java.lang.String)[pri:0, instance:com.assignment.app.ApiTest@1f1c7bf6]" name="eulaVerification" duration-ms="5096" started-at="2021-02-03T15:54:49Z" data-provider="getData" finished-at="2021-02-03T15:54:54Z">
          <params>
            <param index="0">
              <value>
                <![CDATA[1kosmos]]>
              </value>
            </param>
          </params>
          <reporter-output>
          </reporter-output>
        </test-method> <!-- eulaVerification -->
      </class> <!-- com.assignment.app.ApiTest -->
      <class name="com.assignment.app.UiTest">
        <test-method status="PASS" signature="setPropertiesFile()[pri:0, instance:com.assignment.app.UiTest@25b485ba]" name="setPropertiesFile" is-config="true" duration-ms="1" started-at="2021-02-03T15:54:54Z" finished-at="2021-02-03T15:54:54Z">
          <reporter-output>
          </reporter-output>
        </test-method> <!-- setPropertiesFile -->
        <test-method status="PASS" signature="setBrowser()[pri:0, instance:com.assignment.app.UiTest@25b485ba]" name="setBrowser" is-config="true" duration-ms="1446" started-at="2021-02-03T15:54:54Z" finished-at="2021-02-03T15:54:55Z">
          <reporter-output>
          </reporter-output>
        </test-method> <!-- setBrowser -->
        <test-method status="PASS" signature="verifyIfPageLoads()[pri:0, instance:com.assignment.app.UiTest@25b485ba]" name="verifyIfPageLoads" duration-ms="13890" started-at="2021-02-03T15:54:55Z" finished-at="2021-02-03T15:55:09Z">
          <reporter-output>
          </reporter-output>
        </test-method> <!-- verifyIfPageLoads -->
        <test-method status="PASS" signature="closeBrowser()[pri:0, instance:com.assignment.app.UiTest@25b485ba]" name="closeBrowser" is-config="true" duration-ms="603" started-at="2021-02-03T15:55:09Z" finished-at="2021-02-03T15:55:10Z">
          <reporter-output>
          </reporter-output>
        </test-method> <!-- closeBrowser -->
        <test-method status="PASS" signature="setBrowser()[pri:0, instance:com.assignment.app.UiTest@25b485ba]" name="setBrowser" is-config="true" duration-ms="1156" started-at="2021-02-03T15:55:10Z" finished-at="2021-02-03T15:55:11Z">
          <reporter-output>
          </reporter-output>
        </test-method> <!-- setBrowser -->
        <test-method status="PASS" signature="verifyNumberOfLanguages()[pri:0, instance:com.assignment.app.UiTest@25b485ba]" name="verifyNumberOfLanguages" duration-ms="14163" started-at="2021-02-03T15:55:11Z" finished-at="2021-02-03T15:55:25Z">
          <reporter-output>
          </reporter-output>
        </test-method> <!-- verifyNumberOfLanguages -->
        <test-method status="PASS" signature="closeBrowser()[pri:0, instance:com.assignment.app.UiTest@25b485ba]" name="closeBrowser" is-config="true" duration-ms="606" started-at="2021-02-03T15:55:25Z" finished-at="2021-02-03T15:55:26Z">
          <reporter-output>
          </reporter-output>
        </test-method> <!-- closeBrowser -->
        <test-method status="PASS" signature="setBrowser()[pri:0, instance:com.assignment.app.UiTest@25b485ba]" name="setBrowser" is-config="true" duration-ms="1163" started-at="2021-02-03T15:55:26Z" finished-at="2021-02-03T15:55:27Z">
          <reporter-output>
          </reporter-output>
        </test-method> <!-- setBrowser -->
        <test-method status="PASS" signature="verifyLanguageSelection()[pri:0, instance:com.assignment.app.UiTest@25b485ba]" name="verifyLanguageSelection" duration-ms="24489" started-at="2021-02-03T15:55:27Z" finished-at="2021-02-03T15:55:51Z">
          <reporter-output>
          </reporter-output>
        </test-method> <!-- verifyLanguageSelection -->
        <test-method status="PASS" signature="closeBrowser()[pri:0, instance:com.assignment.app.UiTest@25b485ba]" name="closeBrowser" is-config="true" duration-ms="620" started-at="2021-02-03T15:55:51Z" finished-at="2021-02-03T15:55:52Z">
          <reporter-output>
          </reporter-output>
        </test-method> <!-- closeBrowser -->
        <test-method status="PASS" signature="setBrowser()[pri:0, instance:com.assignment.app.UiTest@25b485ba]" name="setBrowser" is-config="true" duration-ms="1169" started-at="2021-02-03T15:55:52Z" finished-at="2021-02-03T15:55:53Z">
          <reporter-output>
          </reporter-output>
        </test-method> <!-- setBrowser -->
        <test-method status="PASS" signature="verifySetupParentSupportUsingExcel(java.lang.String)[pri:0, instance:com.assignment.app.UiTest@25b485ba]" name="verifySetupParentSupportUsingExcel" duration-ms="19600" started-at="2021-02-03T15:55:53Z" data-provider="getExcelData" finished-at="2021-02-03T15:56:13Z">
          <params>
            <param index="0">
              <value>
                <![CDATA[Mathews,Eric,mathews.eric@yz.com,mathewseric,Pass1@word,]]>
              </value>
            </param>
          </params>
          <reporter-output>
          </reporter-output>
        </test-method> <!-- verifySetupParentSupportUsingExcel -->
        <test-method status="PASS" signature="closeBrowser()[pri:0, instance:com.assignment.app.UiTest@25b485ba]" name="closeBrowser" is-config="true" duration-ms="612" started-at="2021-02-03T15:56:13Z" finished-at="2021-02-03T15:56:14Z">
          <reporter-output>
          </reporter-output>
        </test-method> <!-- closeBrowser -->
        <test-method status="PASS" signature="setBrowser()[pri:0, instance:com.assignment.app.UiTest@25b485ba]" name="setBrowser" is-config="true" duration-ms="1156" started-at="2021-02-03T15:56:14Z" finished-at="2021-02-03T15:56:15Z">
          <reporter-output>
          </reporter-output>
        </test-method> <!-- setBrowser -->
        <test-method status="PASS" signature="verifySetupParentSupportUsingExcel(java.lang.String)[pri:0, instance:com.assignment.app.UiTest@25b485ba]" name="verifySetupParentSupportUsingExcel" duration-ms="19450" started-at="2021-02-03T15:56:15Z" data-provider="getExcelData" finished-at="2021-02-03T15:56:34Z">
          <params>
            <param index="0">
              <value>
                <![CDATA[Sri,Latte,sri.late@mz.com,srilatteee,Pass1@word,]]>
              </value>
            </param>
          </params>
          <reporter-output>
          </reporter-output>
        </test-method> <!-- verifySetupParentSupportUsingExcel -->
        <test-method status="PASS" signature="closeBrowser()[pri:0, instance:com.assignment.app.UiTest@25b485ba]" name="closeBrowser" is-config="true" duration-ms="605" started-at="2021-02-03T15:56:34Z" finished-at="2021-02-03T15:56:35Z">
          <reporter-output>
          </reporter-output>
        </test-method> <!-- closeBrowser -->
        <test-method status="PASS" signature="setBrowser()[pri:0, instance:com.assignment.app.UiTest@25b485ba]" name="setBrowser" is-config="true" duration-ms="1156" started-at="2021-02-03T15:56:35Z" finished-at="2021-02-03T15:56:36Z">
          <reporter-output>
          </reporter-output>
        </test-method> <!-- setBrowser -->
        <test-method status="PASS" signature="verifySetupParentSupportUsingExcel(java.lang.String)[pri:0, instance:com.assignment.app.UiTest@25b485ba]" name="verifySetupParentSupportUsingExcel" duration-ms="19945" started-at="2021-02-03T15:56:36Z" data-provider="getExcelData" finished-at="2021-02-03T15:56:56Z">
          <params>
            <param index="0">
              <value>
                <![CDATA[Noble,winner,noble.winner@gz.com,noblewinner,Pass1@word,]]>
              </value>
            </param>
          </params>
          <reporter-output>
          </reporter-output>
        </test-method> <!-- verifySetupParentSupportUsingExcel -->
        <test-method status="PASS" signature="closeBrowser()[pri:0, instance:com.assignment.app.UiTest@25b485ba]" name="closeBrowser" is-config="true" duration-ms="609" started-at="2021-02-03T15:56:56Z" finished-at="2021-02-03T15:56:57Z">
          <reporter-output>
          </reporter-output>
        </test-method> <!-- closeBrowser -->
        <test-method status="PASS" signature="setBrowser()[pri:0, instance:com.assignment.app.UiTest@25b485ba]" name="setBrowser" is-config="true" duration-ms="1163" started-at="2021-02-03T15:56:57Z" finished-at="2021-02-03T15:56:58Z">
          <reporter-output>
          </reporter-output>
        </test-method> <!-- setBrowser -->
        <test-method status="PASS" signature="verifySetupParentSupportUsingExcel(java.lang.String)[pri:0, instance:com.assignment.app.UiTest@25b485ba]" name="verifySetupParentSupportUsingExcel" duration-ms="19112" started-at="2021-02-03T15:56:58Z" data-provider="getExcelData" finished-at="2021-02-03T15:57:17Z">
          <params>
            <param index="0">
              <value>
                <![CDATA[Rick,Shane,rick.shane@yo.com,rickshane,Pass1@word,]]>
              </value>
            </param>
          </params>
          <reporter-output>
          </reporter-output>
        </test-method> <!-- verifySetupParentSupportUsingExcel -->
        <test-method status="PASS" signature="closeBrowser()[pri:0, instance:com.assignment.app.UiTest@25b485ba]" name="closeBrowser" is-config="true" duration-ms="616" started-at="2021-02-03T15:57:17Z" finished-at="2021-02-03T15:57:17Z">
          <reporter-output>
          </reporter-output>
        </test-method> <!-- closeBrowser -->
        <test-method status="PASS" signature="setBrowser()[pri:0, instance:com.assignment.app.UiTest@25b485ba]" name="setBrowser" is-config="true" duration-ms="1174" started-at="2021-02-03T15:57:17Z" finished-at="2021-02-03T15:57:19Z">
          <reporter-output>
          </reporter-output>
        </test-method> <!-- setBrowser -->
        <test-method status="PASS" signature="verifySetupParentSupportUsingJson(java.lang.String)[pri:0, instance:com.assignment.app.UiTest@25b485ba]" name="verifySetupParentSupportUsingJson" duration-ms="19737" started-at="2021-02-03T15:57:19Z" data-provider="getJsonData" finished-at="2021-02-03T15:57:38Z">
          <params>
            <param index="0">
              <value>
                <![CDATA[Mathews,Eric,mathews.eric@yz.com,mathewseric,Pass1@word]]>
              </value>
            </param>
          </params>
          <reporter-output>
          </reporter-output>
        </test-method> <!-- verifySetupParentSupportUsingJson -->
        <test-method status="PASS" signature="closeBrowser()[pri:0, instance:com.assignment.app.UiTest@25b485ba]" name="closeBrowser" is-config="true" duration-ms="602" started-at="2021-02-03T15:57:38Z" finished-at="2021-02-03T15:57:39Z">
          <reporter-output>
          </reporter-output>
        </test-method> <!-- closeBrowser -->
        <test-method status="PASS" signature="setBrowser()[pri:0, instance:com.assignment.app.UiTest@25b485ba]" name="setBrowser" is-config="true" duration-ms="1149" started-at="2021-02-03T15:57:39Z" finished-at="2021-02-03T15:57:40Z">
          <reporter-output>
          </reporter-output>
        </test-method> <!-- setBrowser -->
        <test-method status="PASS" signature="verifySetupParentSupportUsingJson(java.lang.String)[pri:0, instance:com.assignment.app.UiTest@25b485ba]" name="verifySetupParentSupportUsingJson" duration-ms="18867" started-at="2021-02-03T15:57:40Z" data-provider="getJsonData" finished-at="2021-02-03T15:57:59Z">
          <params>
            <param index="0">
              <value>
                <![CDATA[Sri,Latte,sri.late@mz.com,srilatteee,Pass1@word]]>
              </value>
            </param>
          </params>
          <reporter-output>
          </reporter-output>
        </test-method> <!-- verifySetupParentSupportUsingJson -->
        <test-method status="PASS" signature="closeBrowser()[pri:0, instance:com.assignment.app.UiTest@25b485ba]" name="closeBrowser" is-config="true" duration-ms="611" started-at="2021-02-03T15:57:59Z" finished-at="2021-02-03T15:58:00Z">
          <reporter-output>
          </reporter-output>
        </test-method> <!-- closeBrowser -->
        <test-method status="PASS" signature="setBrowser()[pri:0, instance:com.assignment.app.UiTest@25b485ba]" name="setBrowser" is-config="true" duration-ms="1154" started-at="2021-02-03T15:58:00Z" finished-at="2021-02-03T15:58:01Z">
          <reporter-output>
          </reporter-output>
        </test-method> <!-- setBrowser -->
        <test-method status="PASS" signature="verifySetupParentSupportUsingJson(java.lang.String)[pri:0, instance:com.assignment.app.UiTest@25b485ba]" name="verifySetupParentSupportUsingJson" duration-ms="18545" started-at="2021-02-03T15:58:01Z" data-provider="getJsonData" finished-at="2021-02-03T15:58:19Z">
          <params>
            <param index="0">
              <value>
                <![CDATA[Noble,winner,noble.winner@gz.com,noblewinner,Pass1@word]]>
              </value>
            </param>
          </params>
          <reporter-output>
          </reporter-output>
        </test-method> <!-- verifySetupParentSupportUsingJson -->
        <test-method status="PASS" signature="closeBrowser()[pri:0, instance:com.assignment.app.UiTest@25b485ba]" name="closeBrowser" is-config="true" duration-ms="607" started-at="2021-02-03T15:58:19Z" finished-at="2021-02-03T15:58:20Z">
          <reporter-output>
          </reporter-output>
        </test-method> <!-- closeBrowser -->
        <test-method status="PASS" signature="setBrowser()[pri:0, instance:com.assignment.app.UiTest@25b485ba]" name="setBrowser" is-config="true" duration-ms="1180" started-at="2021-02-03T15:58:20Z" finished-at="2021-02-03T15:58:21Z">
          <reporter-output>
          </reporter-output>
        </test-method> <!-- setBrowser -->
        <test-method status="PASS" signature="verifySetupParentSupportUsingJson(java.lang.String)[pri:0, instance:com.assignment.app.UiTest@25b485ba]" name="verifySetupParentSupportUsingJson" duration-ms="18557" started-at="2021-02-03T15:58:21Z" data-provider="getJsonData" finished-at="2021-02-03T15:58:40Z">
          <params>
            <param index="0">
              <value>
                <![CDATA[Rick,Shane,rick.shane@yo.com,rickshane,Pass1@word]]>
              </value>
            </param>
          </params>
          <reporter-output>
          </reporter-output>
        </test-method> <!-- verifySetupParentSupportUsingJson -->
        <test-method status="PASS" signature="closeBrowser()[pri:0, instance:com.assignment.app.UiTest@25b485ba]" name="closeBrowser" is-config="true" duration-ms="613" started-at="2021-02-03T15:58:40Z" finished-at="2021-02-03T15:58:40Z">
          <reporter-output>
          </reporter-output>
        </test-method> <!-- closeBrowser -->
      </class> <!-- com.assignment.app.UiTest -->
    </test> <!-- assignment -->
  </suite> <!-- All Test Suite -->
</testng-results>
