<?xml version="1.0" encoding="UTF-8"?>
<!-- Generated by org.testng.reporters.JUnitXMLReporter -->
<testsuite hostname="MPC-FN75D84W91" ignored="0" name="assignment" tests="12" failures="0" timestamp="03 Feb 2021 15:58:40 GMT" time="231.948" errors="0">
  <testcase name="eulaVerification" time="5.096" classname="com.assignment.app.ApiTest"/>
  <testcase name="verifyIfPageLoads" time="13.89" classname="com.assignment.app.UiTest"/>
  <testcase name="verifyNumberOfLanguages" time="14.163" classname="com.assignment.app.UiTest"/>
  <testcase name="verifyLanguageSelection" time="24.489" classname="com.assignment.app.UiTest"/>
  <testcase name="verifySetupParentSupportUsingExcel" time="19.6" classname="com.assignment.app.UiTest"/>
  <testcase name="verifySetupParentSupportUsingExcel" time="19.45" classname="com.assignment.app.UiTest"/>
  <testcase name="verifySetupParentSupportUsingExcel" time="19.945" classname="com.assignment.app.UiTest"/>
  <testcase name="verifySetupParentSupportUsingExcel" time="19.112" classname="com.assignment.app.UiTest"/>
  <testcase name="verifySetupParentSupportUsingJson" time="19.737" classname="com.assignment.app.UiTest"/>
  <testcase name="verifySetupParentSupportUsingJson" time="18.867" classname="com.assignment.app.UiTest"/>
  <testcase name="verifySetupParentSupportUsingJson" time="18.545" classname="com.assignment.app.UiTest"/>
  <testcase name="verifySetupParentSupportUsingJson" time="18.557" classname="com.assignment.app.UiTest"/>
</testsuite> <!-- assignment -->
