<?xml version="1.0" encoding="UTF-8"?>
<!-- Generated by org.testng.reporters.JUnitXMLReporter -->
<testsuite hostname="MPC-FN75D84W91" ignored="0" name="assignment" tests="12" failures="0" timestamp="04 Feb 2021 14:21:38 GMT" time="225.06" errors="0">
  <testcase name="eulaVerification" time="4.571" classname="com.assignment.app.ApiTest"/>
  <testcase name="verifyIfPageLoads" time="11.237" classname="com.assignment.app.UiTest"/>
  <testcase name="verifyNumberOfLanguages" time="12.734" classname="com.assignment.app.UiTest"/>
  <testcase name="verifyLanguageSelection" time="18.225" classname="com.assignment.app.UiTest"/>
  <testcase name="verifySetupParentSupportUsingExcel" time="19.8" classname="com.assignment.app.UiTest"/>
  <testcase name="verifySetupParentSupportUsingExcel" time="18.766" classname="com.assignment.app.UiTest"/>
  <testcase name="verifySetupParentSupportUsingExcel" time="19.573" classname="com.assignment.app.UiTest"/>
  <testcase name="verifySetupParentSupportUsingExcel" time="22.058" classname="com.assignment.app.UiTest"/>
  <testcase name="verifySetupParentSupportUsingJson" time="19.212" classname="com.assignment.app.UiTest"/>
  <testcase name="verifySetupParentSupportUsingJson" time="19.722" classname="com.assignment.app.UiTest"/>
  <testcase name="verifySetupParentSupportUsingJson" time="18.994" classname="com.assignment.app.UiTest"/>
  <testcase name="verifySetupParentSupportUsingJson" time="19.708" classname="com.assignment.app.UiTest"/>
</testsuite> <!-- assignment -->
